Using pre-set license
Built from '2020.3/release' branch; Version is '2020.3.2f1 (8fd9074bf66c) revision 9427207'; Using compiler version '192528614'; Build Type 'Release'
OS: 'Windows 10 Home; OS build 22000.434; Version 2009; 64bit' Language: 'en' Physical Memory: 32668 MB
BatchMode: 1, IsHumanControllingUs: 0, StartBugReporterOnCrash: 0, Is64bit: 1, IsPro: 0

 COMMAND LINE ARGUMENTS:
C:\Program Files\Unity\Hub\Editor\2020.3.2f1\Editor\Unity.exe
-adb2
-batchMode
-noUpm
-name
AssetImportWorker0
-projectPath
C:/Users/diaos/Downloads/Project-Chopsticks
-logFile
Logs/AssetImportWorker0.log
-srvPort
58589
Successfully changed project path to: C:/Users/diaos/Downloads/Project-Chopsticks
C:/Users/diaos/Downloads/Project-Chopsticks
Using Asset Import Pipeline V2.
Refreshing native plugins compatible for Editor in 29.57 ms, found 1 plugins.
Preloading 0 native plugins for Editor in 0.00 ms.
Initialize engine version: 2020.3.2f1 (8fd9074bf66c)
[Subsystems] Discovering subsystems at path C:/Program Files/Unity/Hub/Editor/2020.3.2f1/Editor/Data/Resources/UnitySubsystems
[Subsystems] Discovering subsystems at path C:/Users/diaos/Downloads/Project-Chopsticks/Assets
GfxDevice: creating device client; threaded=0
Direct3D:
    Version:  Direct3D 11.0 [level 11.1]
    Renderer: NVIDIA GeForce RTX 2080 Super with Max-Q Design (ID=0x1e93)
    Vendor:   
    VRAM:     8010 MB
    Driver:   30.0.14.7196
Initialize mono
Mono path[0] = 'C:/Program Files/Unity/Hub/Editor/2020.3.2f1/Editor/Data/Managed'
Mono path[1] = 'C:/Program Files/Unity/Hub/Editor/2020.3.2f1/Editor/Data/MonoBleedingEdge/lib/mono/unityjit'
Mono config path = 'C:/Program Files/Unity/Hub/Editor/2020.3.2f1/Editor/Data/MonoBleedingEdge/etc'
Using monoOptions --debugger-agent=transport=dt_socket,embedding=1,server=y,suspend=n,address=127.0.0.1:56480
Begin MonoManager ReloadAssembly
Registering precompiled unity dll's ...
Register platform support module: C:/Program Files/Unity/Hub/Editor/2020.3.2f1/Editor/Data/PlaybackEngines/WindowsStandaloneSupport/UnityEditor.WindowsStandalone.Extensions.dll
Registered in 0.001438 seconds.
Native extension for WindowsStandalone target not found
Refreshing native plugins compatible for Editor in 27.35 ms, found 1 plugins.
Preloading 0 native plugins for Editor in 0.00 ms.
Invoked RoslynAnalysisRunner static constructor.
RoslynAnalysisRunner will not be running.
RoslynAnalysisRunner has terminated.
Mono: successfully reloaded assembly
- Completed reload, in  0.856 seconds
Platform modules already initialized, skipping
Registering precompiled user dll's ...
Registered in 0.005750 seconds.
Begin MonoManager ReloadAssembly
Native extension for WindowsStandalone target not found
Refreshing native plugins compatible for Editor in 0.32 ms, found 1 plugins.
Preloading 0 native plugins for Editor in 0.00 ms.
Invoked RoslynAnalysisRunner static constructor.
RoslynAnalysisRunner will not be running.
RoslynAnalysisRunner has terminated.
Mono: successfully reloaded assembly
- Completed reload, in  0.738 seconds
Platform modules already initialized, skipping
========================================================================
Worker process is ready to serve import requests
Launched and connected shader compiler UnityShaderCompiler.exe after 0.10 seconds
Refreshing native plugins compatible for Editor in 0.33 ms, found 1 plugins.
Preloading 0 native plugins for Editor in 0.00 ms.
Unloading 1230 Unused Serialized files (Serialized files now loaded: 0)
System memory in use before: 61.8 MB.
System memory in use after: 61.8 MB.

Unloading 26 unused Assets to reduce memory usage. Loaded Objects now: 1730.
Total: 1.553500 ms (FindLiveObjects: 0.141200 ms CreateObjectMapping: 0.041700 ms MarkObjects: 1.272300 ms  DeleteObjects: 0.097600 ms)

========================================================================
Received Import Request.
  path: Assets
  artifactKey: Guid(00000000000000001000000000000000) Importer(815301076,1909f56bfc062723c751e8b465ee728b)
Start importing Assets using Guid(00000000000000001000000000000000) Importer(815301076,1909f56bfc062723c751e8b465ee728b)  -> (artifact id: '819a33a9bd799f71faca6db75e8a216c') in 0.007490 seconds
  Import took 0.009004 seconds .

========================================================================
Received Import Request.
  Time since last request: 2.484662 seconds.
  path: Assets/Scripts
  artifactKey: Guid(693fdde8701941b4b8d24c7fbebf9b78) Importer(815301076,1909f56bfc062723c751e8b465ee728b)
Start importing Assets/Scripts using Guid(693fdde8701941b4b8d24c7fbebf9b78) Importer(815301076,1909f56bfc062723c751e8b465ee728b)  -> (artifact id: 'ba08f9019a65fbccd9cd728ab3fcbf3e') in 0.007314 seconds
  Import took 0.008881 seconds .

========================================================================
Received Import Request.
  Time since last request: 4.828258 seconds.
  path: Assets/Materials
  artifactKey: Guid(285afc294e5232a4ba50ecb91e8317fe) Importer(815301076,1909f56bfc062723c751e8b465ee728b)
Start importing Assets/Materials using Guid(285afc294e5232a4ba50ecb91e8317fe) Importer(815301076,1909f56bfc062723c751e8b465ee728b)  -> (artifact id: '870f509f886610807c053068b6008cfe') in 0.007868 seconds
  Import took 0.009626 seconds .

========================================================================
Received Import Request.
  Time since last request: 5.213112 seconds.
  path: Assets/Prefabs
  artifactKey: Guid(ba9fd0ab367934341aeb00c22f0a65b9) Importer(815301076,1909f56bfc062723c751e8b465ee728b)
Start importing Assets/Prefabs using Guid(ba9fd0ab367934341aeb00c22f0a65b9) Importer(815301076,1909f56bfc062723c751e8b465ee728b)  -> (artifact id: '7022c946914bddedf0eedd28920421fa') in 0.007702 seconds
  Import took 0.010524 seconds .

========================================================================
Received Import Request.
  Time since last request: 0.000711 seconds.
  path: Assets/Prefabs
  artifactKey: Guid(ba9fd0ab367934341aeb00c22f0a65b9) Importer(815301076,1909f56bfc062723c751e8b465ee728b)
Start importing Assets/Prefabs using Guid(ba9fd0ab367934341aeb00c22f0a65b9) Importer(815301076,1909f56bfc062723c751e8b465ee728b)  -> (artifact id: '7022c946914bddedf0eedd28920421fa') in 0.002665 seconds
  Import took 0.004654 seconds .

========================================================================
Received Import Request.
  Time since last request: 4.693422 seconds.
  path: Assets/Audio
  artifactKey: Guid(cfb3035db3d0f9843b4556588987d79f) Importer(815301076,1909f56bfc062723c751e8b465ee728b)
Start importing Assets/Audio using Guid(cfb3035db3d0f9843b4556588987d79f) Importer(815301076,1909f56bfc062723c751e8b465ee728b)  -> (artifact id: '43e1674b2c3884bf087670e7f2d0aeda') in 0.007120 seconds
  Import took 0.008881 seconds .

========================================================================
Received Import Request.
  Time since last request: 7.987015 seconds.
  path: Assets/Models
  artifactKey: Guid(e62932ce550646141b3d9ae84207871a) Importer(815301076,1909f56bfc062723c751e8b465ee728b)
Start importing Assets/Models using Guid(e62932ce550646141b3d9ae84207871a) Importer(815301076,1909f56bfc062723c751e8b465ee728b)  -> (artifact id: 'f1fccd47464269ea93a6e33e710a8bb2') in 0.006175 seconds
  Import took 0.008013 seconds .

========================================================================
Received Import Request.
  Time since last request: 6.369777 seconds.
  path: Assets/Scripts/PlaceHolder.cs
  artifactKey: Guid(06c8f9c60c804854c8310208c081762c) Importer(815301076,1909f56bfc062723c751e8b465ee728b)
Start importing Assets/Scripts/PlaceHolder.cs using Guid(06c8f9c60c804854c8310208c081762c) Importer(815301076,1909f56bfc062723c751e8b465ee728b)  -> (artifact id: 'c7b1442d7231e960c745db9b7b4ad953') in 0.017619 seconds
  Import took 0.020516 seconds .

========================================================================
Received Prepare
Registering precompiled user dll's ...
Registered in 0.004438 seconds.
Begin MonoManager ReloadAssembly
Native extension for WindowsStandalone target not found
Refreshing native plugins compatible for Editor in 0.29 ms, found 1 plugins.
Preloading 0 native plugins for Editor in 0.00 ms.
Invoked RoslynAnalysisRunner static constructor.
RoslynAnalysisRunner will not be running.
RoslynAnalysisRunner has terminated.
Mono: successfully reloaded assembly
- Completed reload, in  0.648 seconds
Platform modules already initialized, skipping
Refreshing native plugins compatible for Editor in 0.27 ms, found 1 plugins.
Preloading 0 native plugins for Editor in 0.00 ms.
Unloading 1225 Unused Serialized files (Serialized files now loaded: 0)
System memory in use before: 61.6 MB.
System memory in use after: 61.7 MB.

Unloading 21 unused Assets to reduce memory usage. Loaded Objects now: 1734.
Total: 1.189000 ms (FindLiveObjects: 0.107900 ms CreateObjectMapping: 0.035900 ms MarkObjects: 1.013500 ms  DeleteObjects: 0.031100 ms)

========================================================================
Received Import Request.
  Time since last request: 11.554671 seconds.
  path: Assets/Prefabs/PlaceHolder.mat
  artifactKey: Guid(ee20aaa8d37b97d4a99776b2682a7e6c) Importer(815301076,1909f56bfc062723c751e8b465ee728b)
Start importing Assets/Prefabs/PlaceHolder.mat using Guid(ee20aaa8d37b97d4a99776b2682a7e6c) Importer(815301076,1909f56bfc062723c751e8b465ee728b)  -> (artifact id: '5ec2c0bd98ba778736a8feebe390655c') in 0.081602 seconds
  Import took 0.083483 seconds .

========================================================================
Received Import Request.
  Time since last request: 6.446029 seconds.
  path: Assets/Models/PlaceHolder.mat
  artifactKey: Guid(47ce67da3ec73bc41992c4720a62cf5c) Importer(815301076,1909f56bfc062723c751e8b465ee728b)
Start importing Assets/Models/PlaceHolder.mat using Guid(47ce67da3ec73bc41992c4720a62cf5c) Importer(815301076,1909f56bfc062723c751e8b465ee728b)  -> (artifact id: '386034c74cc10c2bd839d692a946507f') in 0.008133 seconds
  Import took 0.010147 seconds .

========================================================================
Received Import Request.
  Time since last request: 6.179629 seconds.
  path: Assets/Materials/PlaceHolder.mat
  artifactKey: Guid(65135ad89d21ffb479dd2be578b15b8e) Importer(815301076,1909f56bfc062723c751e8b465ee728b)
Start importing Assets/Materials/PlaceHolder.mat using Guid(65135ad89d21ffb479dd2be578b15b8e) Importer(815301076,1909f56bfc062723c751e8b465ee728b)  -> (artifact id: 'bdc876849e9ab520e30161c4c5c4098e') in 0.006965 seconds
  Import took 0.009287 seconds .

========================================================================
Received Import Request.
  Time since last request: 7.037140 seconds.
  path: Assets/Audio/PlaceHolder.mat
  artifactKey: Guid(f74b48b05532a634bae2ce934ca4e997) Importer(815301076,1909f56bfc062723c751e8b465ee728b)
Start importing Assets/Audio/PlaceHolder.mat using Guid(f74b48b05532a634bae2ce934ca4e997) Importer(815301076,1909f56bfc062723c751e8b465ee728b)  -> (artifact id: 'f7e30f7d0312922713091e1ff2f505c3') in 0.006791 seconds
  Import took 0.009228 seconds .

